Using pre-set license
Built from '2020.2/staging' branch; Version is '2020.2.3f1 (8ff31bc5bf5b) revision 9433883'; Using compiler version '192528614'; Build Type 'Release'
OS: 'Windows 10 Pro; OS build 19043.1526; Version 2009; 64bit' Language: 'en' Physical Memory: 16326 MB
BatchMode: 1, IsHumanControllingUs: 0, StartBugReporterOnCrash: 0, Is64bit: 1, IsPro: 0

 COMMAND LINE ARGUMENTS:
C:\Program Files\Unity\Hub\Editor\2020.2.3f1\Editor\Unity.exe
-adb2
-batchMode
-noUpm
-name
AssetImportWorker0
-projectPath
F:/Unity Project/Beginneer 3D/Birdle
-logFile
Logs/AssetImportWorker0.log
-srvPort
49178
Successfully changed project path to: F:/Unity Project/Beginneer 3D/Birdle
F:/Unity Project/Beginneer 3D/Birdle
Using Asset Import Pipeline V2.
Refreshing native plugins compatible for Editor in 55.77 ms, found 1 plugins.
Preloading 0 native plugins for Editor in 0.00 ms.
Initialize engine version: 2020.2.3f1 (8ff31bc5bf5b)
[Subsystems] Discovering subsystems at path C:/Program Files/Unity/Hub/Editor/2020.2.3f1/Editor/Data/Resources/UnitySubsystems
[Subsystems] Discovering subsystems at path F:/Unity Project/Beginneer 3D/Birdle/Assets
GfxDevice: creating device client; threaded=0
Direct3D:
    Version:  Direct3D 11.0 [level 11.1]
    Renderer: Radeon RX 570 Series (ID=0x67df)
    Vendor:   
    VRAM:     4076 MB
    Driver:   26.20.13002.133
Initialize mono
Mono path[0] = 'C:/Program Files/Unity/Hub/Editor/2020.2.3f1/Editor/Data/Managed'
Mono path[1] = 'C:/Program Files/Unity/Hub/Editor/2020.2.3f1/Editor/Data/MonoBleedingEdge/lib/mono/unityjit'
Mono config path = 'C:/Program Files/Unity/Hub/Editor/2020.2.3f1/Editor/Data/MonoBleedingEdge/etc'
Using monoOptions --debugger-agent=transport=dt_socket,embedding=1,server=y,suspend=n,address=127.0.0.1:56120
Begin MonoManager ReloadAssembly
Registering precompiled unity dll's ...
Register platform support module: C:/Program Files/Unity/Hub/Editor/2020.2.3f1/Editor/Data/PlaybackEngines/WebGLSupport/UnityEditor.WebGL.Extensions.dll
Register platform support module: C:/Program Files/Unity/Hub/Editor/2020.2.3f1/Editor/Data/PlaybackEngines/WindowsStandaloneSupport/UnityEditor.WindowsStandalone.Extensions.dll
Registered in 0.004128 seconds.
Native extension for WindowsStandalone target not found
Native extension for WebGL target not found
Refreshing native plugins compatible for Editor in 54.52 ms, found 1 plugins.
Preloading 0 native plugins for Editor in 0.00 ms.
Invoked RoslynAnalysisRunner static constructor.
RoslynAnalysisRunner will not be running.
RoslynAnalysisRunner has terminated.
Mono: successfully reloaded assembly
- Completed reload, in  2.865 seconds
Platform modules already initialized, skipping
Registering precompiled user dll's ...
Registered in 0.001588 seconds.
Begin MonoManager ReloadAssembly
Native extension for WindowsStandalone target not found
Native extension for WebGL target not found
Refreshing native plugins compatible for Editor in 53.31 ms, found 1 plugins.
Preloading 0 native plugins for Editor in 0.00 ms.
Invoked RoslynAnalysisRunner static constructor.
RoslynAnalysisRunner will not be running.
RoslynAnalysisRunner has terminated.
Mono: successfully reloaded assembly
- Completed reload, in  1.085 seconds
Platform modules already initialized, skipping
========================================================================
Worker process is ready to serve import requests
Launched and connected shader compiler UnityShaderCompiler.exe after 0.07 seconds
Refreshing native plugins compatible for Editor in 0.62 ms, found 1 plugins.
Preloading 0 native plugins for Editor in 0.00 ms.
Unloading 2038 Unused Serialized files (Serialized files now loaded: 0)
System memory in use before: 93.2 MB.
System memory in use after: 93.3 MB.

Unloading 35 unused Assets to reduce memory usage. Loaded Objects now: 2476.
Total: 3.140800 ms (FindLiveObjects: 0.377700 ms CreateObjectMapping: 0.307300 ms MarkObjects: 2.352600 ms  DeleteObjects: 0.102000 ms)

========================================================================
Received Import Request.
  path: Assets/Battle_Scenes/Battle_Scene_2.unity
  artifactKey: Guid(53feea6f73001ed4e8ae4d1561b645ff) Importer(815301076,1909f56bfc062723c751e8b465ee728b)
Start importing Assets/Battle_Scenes/Battle_Scene_2.unity using Guid(53feea6f73001ed4e8ae4d1561b645ff) Importer(815301076,1909f56bfc062723c751e8b465ee728b)  -> (artifact id: '404cae63790d2c613a7fd66ccd5df5c9') in 0.014391 seconds
  Import took 0.019876 seconds .

========================================================================
Received Import Request.
  Time since last request: 0.000291 seconds.
  path: Assets/Battle_Scenes/Battle_Scene_4.unity
  artifactKey: Guid(dfe19f7060f96834283fbfe7e8cd8b4e) Importer(815301076,1909f56bfc062723c751e8b465ee728b)
Start importing Assets/Battle_Scenes/Battle_Scene_4.unity using Guid(dfe19f7060f96834283fbfe7e8cd8b4e) Importer(815301076,1909f56bfc062723c751e8b465ee728b)  -> (artifact id: '6890f720f4312283b48b146d557f097a') in 0.007715 seconds
  Import took 0.012467 seconds .

========================================================================
Received Prepare
Refreshing native plugins compatible for Editor in 4.84 ms, found 1 plugins.
Preloading 0 native plugins for Editor in 0.00 ms.
Unloading 21 Unused Serialized files (Serialized files now loaded: 0)
System memory in use before: 52.2 MB.
System memory in use after: 52.4 MB.

Unloading 21 unused Assets to reduce memory usage. Loaded Objects now: 2476.
Total: 3.414100 ms (FindLiveObjects: 0.378900 ms CreateObjectMapping: 0.176800 ms MarkObjects: 2.805900 ms  DeleteObjects: 0.050400 ms)

========================================================================
Received Import Request.
  Time since last request: 131.102137 seconds.
  path: Assets/Menus/Game_menu.unity
  artifactKey: Guid(03a7028ce17450f4fbf8df9366735cf3) Importer(815301076,1909f56bfc062723c751e8b465ee728b)
Start importing Assets/Menus/Game_menu.unity using Guid(03a7028ce17450f4fbf8df9366735cf3) Importer(815301076,1909f56bfc062723c751e8b465ee728b)  -> (artifact id: 'e005d41dc13f438fad1bf4e50334147b') in 0.007891 seconds
  Import took 0.012652 seconds .

AssetImportWorkerClient::OnTransportError - code=2 error=End of file
