Using pre-set license
Built from '2020.3/release' branch; Version is '2020.3.34f1 (9a4c9c70452b) revision 10112156'; Using compiler version '192528614'; Build Type 'Release'
OS: 'Windows 10  (10.0.19044) 64bit Professional' Language: 'en' Physical Memory: 16326 MB
BatchMode: 1, IsHumanControllingUs: 0, StartBugReporterOnCrash: 0, Is64bit: 1, IsPro: 0

COMMAND LINE ARGUMENTS:
C:\Program Files\Unity\Hub\Editor\2020.3.34f1\Editor\Unity.exe
-adb2
-batchMode
-noUpm
-name
AssetImportWorker0
-projectPath
A:/Birdle Versions/Birdle
-logFile
Logs/AssetImportWorker0.log
-srvPort
62213
Successfully changed project path to: A:/Birdle Versions/Birdle
A:/Birdle Versions/Birdle
Using Asset Import Pipeline V2.
Refreshing native plugins compatible for Editor in 79.47 ms, found 3 plugins.
Preloading 0 native plugins for Editor in 0.00 ms.
Initialize engine version: 2020.3.34f1 (9a4c9c70452b)
[Subsystems] Discovering subsystems at path C:/Program Files/Unity/Hub/Editor/2020.3.34f1/Editor/Data/Resources/UnitySubsystems
[Subsystems] Discovering subsystems at path A:/Birdle Versions/Birdle/Assets
GfxDevice: creating device client; threaded=0
Direct3D:
    Version:  Direct3D 11.0 [level 11.1]
    Renderer: Radeon RX 570 Series (ID=0x67df)
    Vendor:   
    VRAM:     4075 MB
    Driver:   30.0.13023.4001
Initialize mono
Mono path[0] = 'C:/Program Files/Unity/Hub/Editor/2020.3.34f1/Editor/Data/Managed'
Mono path[1] = 'C:/Program Files/Unity/Hub/Editor/2020.3.34f1/Editor/Data/MonoBleedingEdge/lib/mono/unityjit'
Mono config path = 'C:/Program Files/Unity/Hub/Editor/2020.3.34f1/Editor/Data/MonoBleedingEdge/etc'
Using monoOptions --debugger-agent=transport=dt_socket,embedding=1,server=y,suspend=n,address=127.0.0.1:56024
Begin MonoManager ReloadAssembly
Registering precompiled unity dll's ...
Register platform support module: C:/Program Files/Unity/Hub/Editor/2020.3.34f1/Editor/Data/PlaybackEngines/WindowsStandaloneSupport/UnityEditor.WindowsStandalone.Extensions.dll
Registered in 0.004367 seconds.
Native extension for WindowsStandalone target not found
Refreshing native plugins compatible for Editor in 75.08 ms, found 3 plugins.
Preloading 0 native plugins for Editor in 0.00 ms.
Mono: successfully reloaded assembly
- Completed reload, in  0.829 seconds
Domain Reload Profiling:
	ReloadAssembly (830ms)
		BeginReloadAssembly (103ms)
			ExecutionOrderSort (0ms)
			DisableScriptedObjects (0ms)
			BackupInstance (0ms)
			ReleaseScriptingObjects (0ms)
			CreateAndSetChildDomain (1ms)
		EndReloadAssembly (624ms)
			LoadAssemblies (98ms)
			RebuildTransferFunctionScriptingTraits (0ms)
			SetupTypeCache (248ms)
			ReleaseScriptCaches (0ms)
			RebuildScriptCaches (34ms)
			SetupLoadedEditorAssemblies (213ms)
				LogAssemblyErrors (0ms)
				InitializePlatformSupportModulesInManaged (5ms)
				SetLoadedEditorAssemblies (0ms)
				RefreshPlugins (75ms)
				BeforeProcessingInitializeOnLoad (10ms)
				ProcessInitializeOnLoadAttributes (91ms)
				ProcessInitializeOnLoadMethodAttributes (32ms)
				AfterProcessingInitializeOnLoad (0ms)
				EditorAssembliesLoaded (0ms)
			ExecutionOrderSort2 (0ms)
			AwakeInstancesAfterBackupRestoration (0ms)
Platform modules already initialized, skipping
Registering precompiled user dll's ...
Registered in 0.003743 seconds.
Begin MonoManager ReloadAssembly
Native extension for WindowsStandalone target not found
Refreshing native plugins compatible for Editor in 95.41 ms, found 3 plugins.
Preloading 0 native plugins for Editor in 0.00 ms.
Mono: successfully reloaded assembly
- Completed reload, in  2.800 seconds
Domain Reload Profiling:
	ReloadAssembly (2802ms)
		BeginReloadAssembly (293ms)
			ExecutionOrderSort (0ms)
			DisableScriptedObjects (5ms)
			BackupInstance (0ms)
			ReleaseScriptingObjects (0ms)
			CreateAndSetChildDomain (37ms)
		EndReloadAssembly (2397ms)
			LoadAssemblies (187ms)
			RebuildTransferFunctionScriptingTraits (0ms)
			SetupTypeCache (955ms)
			ReleaseScriptCaches (1ms)
			RebuildScriptCaches (75ms)
			SetupLoadedEditorAssemblies (992ms)
				LogAssemblyErrors (0ms)
				InitializePlatformSupportModulesInManaged (7ms)
				SetLoadedEditorAssemblies (0ms)
				RefreshPlugins (96ms)
				BeforeProcessingInitializeOnLoad (155ms)
				ProcessInitializeOnLoadAttributes (643ms)
				ProcessInitializeOnLoadMethodAttributes (69ms)
				AfterProcessingInitializeOnLoad (22ms)
				EditorAssembliesLoaded (0ms)
			ExecutionOrderSort2 (0ms)
			AwakeInstancesAfterBackupRestoration (2ms)
Platform modules already initialized, skipping
========================================================================
Worker process is ready to serve import requests
Launched and connected shader compiler UnityShaderCompiler.exe after 0.14 seconds
Refreshing native plugins compatible for Editor in 1.06 ms, found 3 plugins.
Preloading 0 native plugins for Editor in 0.00 ms.
Unloading 2472 Unused Serialized files (Serialized files now loaded: 0)
System memory in use before: 107.3 MB.
System memory in use after: 107.5 MB.

Unloading 48 unused Assets to reduce memory usage. Loaded Objects now: 2893.
Total: 6.406900 ms (FindLiveObjects: 0.303200 ms CreateObjectMapping: 0.216100 ms MarkObjects: 5.796800 ms  DeleteObjects: 0.089400 ms)

AssetImportParameters requested are different than current active one (requested -> active):
  custom:framework-win-MediaFoundation: 216162199b28c13a410421893ffa2e32 -> 
  custom:video-decoder-ogg-theora: a1e56fd34408186e4bbccfd4996cb3dc -> 
  custom:container-muxer-webm: aa71ff27fc2769a1b78a27578f13a17b -> 
  custom:container-demuxer-webm: 4f35f7cbe854078d1ac9338744f61a02 -> 
  custom:container-demuxer-ogg: 62fdf1f143b41e24485cea50d1cbac27 -> 
  custom:video-encoder-webm-vp8: eb34c28f22e8b96e1ab97ce403110664 -> 
  custom:video-decoder-webm-vp8: 9c59270c3fd7afecdb556c50c9e8de78 -> 
  custom:audio-decoder-ogg-vorbis: bf7c407c2cedff20999df2af8eb42d56 -> 
  custom:audio-encoder-webm-vorbis: bf7c407c2cedff20999df2af8eb42d56 -> 
========================================================================
Received Import Request.
  path: Assets/Music/Title Theme .wav
  artifactKey: Guid(f9033e5e08d22c64f83a5315b6625fbb) Importer(815301076,1909f56bfc062723c751e8b465ee728b)
Start importing Assets/Music/Title Theme .wav using Guid(f9033e5e08d22c64f83a5315b6625fbb) Importer(815301076,1909f56bfc062723c751e8b465ee728b)  -> (artifact id: '9fc848d317d619e56ddb5add496ba008') in 0.256958 seconds 
========================================================================
Received Import Request.
  Time since last request: 0.000759 seconds.
  path: Assets/Music/Game Menu.wav
  artifactKey: Guid(48a35904cf43bf44d8bdeba5e376743b) Importer(815301076,1909f56bfc062723c751e8b465ee728b)
Start importing Assets/Music/Game Menu.wav using Guid(48a35904cf43bf44d8bdeba5e376743b) Importer(815301076,1909f56bfc062723c751e8b465ee728b)  -> (artifact id: '5e84e44f486fcaa2ec25c3d2f1c785be') in 0.040607 seconds 
========================================================================
Received Import Request.
  Time since last request: 0.000284 seconds.
  path: Assets/Music/Battle_Boss_Music.wav
  artifactKey: Guid(25e52812d5a158248a063160fd194b8d) Importer(815301076,1909f56bfc062723c751e8b465ee728b)
Start importing Assets/Music/Battle_Boss_Music.wav using Guid(25e52812d5a158248a063160fd194b8d) Importer(815301076,1909f56bfc062723c751e8b465ee728b)  -> (artifact id: '24cbdfee498204b44de0c0f8018b27ab') in 0.050983 seconds 
========================================================================
Received Import Request.
  Time since last request: 0.000201 seconds.
  path: Assets/Music/Defeat.wav
  artifactKey: Guid(3c93c14df665c424d9e39d22af2d9843) Importer(815301076,1909f56bfc062723c751e8b465ee728b)
Start importing Assets/Music/Defeat.wav using Guid(3c93c14df665c424d9e39d22af2d9843) Importer(815301076,1909f56bfc062723c751e8b465ee728b)  -> (artifact id: 'b49b113d1a55eb6f3d40ea54c14bb45e') in 0.057506 seconds 
========================================================================
Received Import Request.
  Time since last request: 0.000239 seconds.
  path: Assets/Music/Shop_Music.wav
  artifactKey: Guid(34ac94b5bc227b0469d6c0af552a69ca) Importer(815301076,1909f56bfc062723c751e8b465ee728b)
Start importing Assets/Music/Shop_Music.wav using Guid(34ac94b5bc227b0469d6c0af552a69ca) Importer(815301076,1909f56bfc062723c751e8b465ee728b)  -> (artifact id: '1f9bd76418712ba347ac023ebeaec014') in 0.037236 seconds 
========================================================================
Received Import Request.
  Time since last request: 0.000233 seconds.
  path: Assets/Music/Battle Menu.mp3
  artifactKey: Guid(1670d692402cbf248b32079c8b331fa3) Importer(815301076,1909f56bfc062723c751e8b465ee728b)
Start importing Assets/Music/Battle Menu.mp3 using Guid(1670d692402cbf248b32079c8b331fa3) Importer(815301076,1909f56bfc062723c751e8b465ee728b)  -> (artifact id: '335d6823fa8e6b102185a411548043e2') in 0.019629 seconds 
========================================================================
Received Import Request.
  Time since last request: 0.000431 seconds.
  path: Assets/Music/Battle_Music.wav
  artifactKey: Guid(2adb0c1c5927d2b468230c8035db3231) Importer(815301076,1909f56bfc062723c751e8b465ee728b)
Start importing Assets/Music/Battle_Music.wav using Guid(2adb0c1c5927d2b468230c8035db3231) Importer(815301076,1909f56bfc062723c751e8b465ee728b)  -> (artifact id: 'f2273f7ee94d0c4d48b0719e50bcbc61') in 0.027433 seconds 
========================================================================
Received Import Request.
  Time since last request: 0.000324 seconds.
  path: Assets/Music/Victory.wav
  artifactKey: Guid(8a58a3221a6addf4db491271186ebd0c) Importer(815301076,1909f56bfc062723c751e8b465ee728b)
Start importing Assets/Music/Victory.wav using Guid(8a58a3221a6addf4db491271186ebd0c) Importer(815301076,1909f56bfc062723c751e8b465ee728b)  -> (artifact id: 'c00e734fa69877072419295dbf47bf1c') in 0.032613 seconds 
========================================================================
Received Import Request.
  Time since last request: 0.000268 seconds.
  path: Assets/Music/Minigame Selector.mp3
  artifactKey: Guid(37e018ca7cdef4c4bba6233833e167c2) Importer(815301076,1909f56bfc062723c751e8b465ee728b)
Start importing Assets/Music/Minigame Selector.mp3 using Guid(37e018ca7cdef4c4bba6233833e167c2) Importer(815301076,1909f56bfc062723c751e8b465ee728b)  -> (artifact id: 'c94dd8ebc6fe781b82531ac778891d92') in 0.036400 seconds 
========================================================================
Received Import Request.
  Time since last request: 0.000305 seconds.
  path: Assets/Music/Victory_Boss.ogg
  artifactKey: Guid(95022db4108d13a4fa2add6ee866fe5a) Importer(815301076,1909f56bfc062723c751e8b465ee728b)
Start importing Assets/Music/Victory_Boss.ogg using Guid(95022db4108d13a4fa2add6ee866fe5a) Importer(815301076,1909f56bfc062723c751e8b465ee728b)  -> (artifact id: '6355badedf3f8a45818acc920e5c0b92') in 0.114653 seconds 
AssetImportWorkerClient::OnTransportError - code=2 error=End of file
